[fpl12ri.wixsite.com/aseltd.html]
[backblue.gif]
[fade.gif]
[index.html]
[fpl12ri.wixsite.com/sitemap.xml]
[fpl12ri.wixsite.com/feed.xml]
[browser.sentry-cdn.com/4.6.2/bundle.min.js]
[static.parastorage.com/unpkg/core-js-bundle@3.2.1/minified.js]
[static.parastorage.com/unpkg/whatwg-fetch@3.0.0/dist/fetch.umd.js]
[static.parastorage.com/services/wix-bolt/1.4998.0/bolt-main/app/bolt-custom-elements.min.js]
[static.parastorage.com/unpkg/requirejs-bolt@2.3.6/requirejs.min.js]
[fpl12ri.wixsite.com/_partials/wix-bolt/1.4998.0/node_modules/viewer-platform-worker/dist/bolt-worker.js]
[static.parastorage.com/services/skins/2.1229.80/images/wysiwyg/core/themes/base/cursor_zoom_out.png]
[static.parastorage.com/services/skins/2.1229.80/images/wysiwyg/core/themes/base/cursor_zoom_in.png]
[static.wixstatic.com/media/11062b_6743da5900054f1f8e69f53302930a6af000.jpg/v1/fill/w_480,h_270,al_c,q_80,usm_0.33_1.00_0.00,blur_2/11062b_6743da5900054f1f8e69f53302930a6af000.jpg]
[static.wixstatic.com/media/84770f_a8e9f0928bf844718bc0a55d46c54f56_mv2.gif]
[static.wixstatic.com/media/1e47b2_5933ee74ead1423ea0746d23c30f1b4e_mv2.png/v1/fill/w_245,h_138,al_c,usm_0.66_1.00_0.01,blur_2/1e47b2_5933ee74ead1423ea0746d23c30f1b4e_mv2.png]
[static.wixstatic.com/media/84770f_f8c65cc524cc4a1f80630d3aacf55ee6_mv2.png/v1/fill/w_50,h_50,al_c,blur_3/84770f_f8c65cc524cc4a1f80630d3aacf55ee6_mv2.png]
[static.wixstatic.com/media/84770f_1a1beda5f9474ac1838dd8846edd7eb1_mv2.png/v1/fill/w_50,h_50,al_c,blur_3/84770f_1a1beda5f9474ac1838dd8846edd7eb1_mv2.png]
[static.wixstatic.com/media/84770f_f7a075b82a84470297070fc65e2508df_mv2.png/v1/fill/w_50,h_50,al_c,blur_3/84770f_f7a075b82a84470297070fc65e2508df_mv2.png]
[static.wixstatic.com/media/84770f_0e11b135814f45afa0af5b4946fc9928_mv2.png/v1/fill/w_50,h_50,al_c,blur_3/84770f_0e11b135814f45afa0af5b4946fc9928_mv2.png]
[static.wixstatic.com/media/0da768_0c5ce9e2ffa442bea0b79b690223a939_mv2.png]
[fpl12ri.wixsite.com/aseltd.html]
[fpl12ri.wixsite.com/sitemap.html]
[fpl12ri.wixsite.com/feed.html]
